<?xml version="1.0" encoding="UTF-8"?>
<!-- Generated by org.testng.reporters.JUnitXMLReporter -->
<testsuite hostname="LAPTOP-7NC8C0E5" ignored="2" name="Default test" tests="5" failures="0" timestamp="23 Apr 2020 10:21:10 GMT" time="288.042" errors="0">
  <testcase name="test1" time="14.81" classname="com.tests.AmazonTest"/>
  <testcase name="test1" time="19.255" classname="com.tests.AmazonTest"/>
  <testcase name="test1" time="11.88" classname="com.tests.AmazonTest"/>
  <testcase name="test1" time="6.033" classname="com.tests.AmazonTest"/>
  <testcase name="test1" time="14.993" classname="com.tests.AmazonTest"/>
  <testcase name="test2" time="0.0" classname="com.tests.AmazonTest">
    <ignored/>
  </testcase> <!-- test2 -->
  <testcase name="test3" time="0.0" classname="com.tests.AmazonTest">
    <ignored/>
  </testcase> <!-- test3 -->
</testsuite> <!-- Default test -->
