<?xml version="1.0" encoding="UTF-8"?>
<testng-results skipped="0" failed="0" ignored="2" total="7" passed="5">
  <reporter-output>
  </reporter-output>
  <suite name="Default suite" duration-ms="288042" started-at="2020-04-23T10:16:21Z" finished-at="2020-04-23T10:21:10Z">
    <groups>
    </groups>
    <test name="Default test" duration-ms="288042" started-at="2020-04-23T10:16:21Z" finished-at="2020-04-23T10:21:10Z">
      <class name="com.tests.AmazonTest">
        <test-method status="PASS" signature="setup()[pri:0, instance:com.tests.AmazonTest@4667ae56]" name="setup" is-config="true" duration-ms="123811" started-at="2020-04-23T10:16:22Z" finished-at="2020-04-23T10:18:26Z">
          <reporter-output>
          </reporter-output>
        </test-method> <!-- setup -->
        <test-method status="PASS" signature="test1(java.lang.String)[pri:1, instance:com.tests.AmazonTest@4667ae56]" name="test1" duration-ms="14810" started-at="2020-04-23T10:18:26Z" data-provider="dp" finished-at="2020-04-23T10:18:40Z">
          <params>
            <param index="0">
              <value>
                <![CDATA[Philips Trimmer]]>
              </value>
            </param>
          </params>
          <reporter-output>
          </reporter-output>
        </test-method> <!-- test1 -->
        <test-method status="PASS" signature="tearDown()[pri:0, instance:com.tests.AmazonTest@4667ae56]" name="tearDown" is-config="true" duration-ms="17467" started-at="2020-04-23T10:18:40Z" finished-at="2020-04-23T10:18:58Z">
          <reporter-output>
          </reporter-output>
        </test-method> <!-- tearDown -->
        <test-method status="PASS" signature="setup()[pri:0, instance:com.tests.AmazonTest@4667ae56]" name="setup" is-config="true" duration-ms="15315" started-at="2020-04-23T10:18:58Z" finished-at="2020-04-23T10:19:13Z">
          <reporter-output>
          </reporter-output>
        </test-method> <!-- setup -->
        <test-method status="PASS" signature="test1(java.lang.String)[pri:1, instance:com.tests.AmazonTest@4667ae56]" name="test1" duration-ms="19255" started-at="2020-04-23T10:19:13Z" data-provider="dp" finished-at="2020-04-23T10:19:32Z">
          <params>
            <param index="0">
              <value>
                <![CDATA[Webcam For computer]]>
              </value>
            </param>
          </params>
          <reporter-output>
          </reporter-output>
        </test-method> <!-- test1 -->
        <test-method status="PASS" signature="tearDown()[pri:0, instance:com.tests.AmazonTest@4667ae56]" name="tearDown" is-config="true" duration-ms="3526" started-at="2020-04-23T10:19:33Z" finished-at="2020-04-23T10:19:36Z">
          <reporter-output>
          </reporter-output>
        </test-method> <!-- tearDown -->
        <test-method status="PASS" signature="setup()[pri:0, instance:com.tests.AmazonTest@4667ae56]" name="setup" is-config="true" duration-ms="9997" started-at="2020-04-23T10:19:36Z" finished-at="2020-04-23T10:19:46Z">
          <reporter-output>
          </reporter-output>
        </test-method> <!-- setup -->
        <test-method status="PASS" signature="test1(java.lang.String)[pri:1, instance:com.tests.AmazonTest@4667ae56]" name="test1" duration-ms="11880" started-at="2020-04-23T10:19:46Z" data-provider="dp" finished-at="2020-04-23T10:19:58Z">
          <params>
            <param index="0">
              <value>
                <![CDATA[One Plus mobile]]>
              </value>
            </param>
          </params>
          <reporter-output>
          </reporter-output>
        </test-method> <!-- test1 -->
        <test-method status="PASS" signature="tearDown()[pri:0, instance:com.tests.AmazonTest@4667ae56]" name="tearDown" is-config="true" duration-ms="12249" started-at="2020-04-23T10:19:58Z" finished-at="2020-04-23T10:20:10Z">
          <reporter-output>
          </reporter-output>
        </test-method> <!-- tearDown -->
        <test-method status="PASS" signature="setup()[pri:0, instance:com.tests.AmazonTest@4667ae56]" name="setup" is-config="true" duration-ms="17603" started-at="2020-04-23T10:20:10Z" finished-at="2020-04-23T10:20:28Z">
          <reporter-output>
          </reporter-output>
        </test-method> <!-- setup -->
        <test-method status="PASS" signature="test1(java.lang.String)[pri:1, instance:com.tests.AmazonTest@4667ae56]" name="test1" duration-ms="6033" started-at="2020-04-23T10:20:28Z" data-provider="dp" finished-at="2020-04-23T10:20:34Z">
          <params>
            <param index="0">
              <value>
                <![CDATA[Amazon Kindle]]>
              </value>
            </param>
          </params>
          <reporter-output>
          </reporter-output>
        </test-method> <!-- test1 -->
        <test-method status="PASS" signature="tearDown()[pri:0, instance:com.tests.AmazonTest@4667ae56]" name="tearDown" is-config="true" duration-ms="4885" started-at="2020-04-23T10:20:34Z" finished-at="2020-04-23T10:20:39Z">
          <reporter-output>
          </reporter-output>
        </test-method> <!-- tearDown -->
        <test-method status="PASS" signature="setup()[pri:0, instance:com.tests.AmazonTest@4667ae56]" name="setup" is-config="true" duration-ms="10641" started-at="2020-04-23T10:20:39Z" finished-at="2020-04-23T10:20:49Z">
          <reporter-output>
          </reporter-output>
        </test-method> <!-- setup -->
        <test-method status="PASS" signature="test1(java.lang.String)[pri:1, instance:com.tests.AmazonTest@4667ae56]" name="test1" duration-ms="14993" started-at="2020-04-23T10:20:49Z" data-provider="dp" finished-at="2020-04-23T10:21:04Z">
          <params>
            <param index="0">
              <value>
                <![CDATA[Apple iPhone 8 Plus]]>
              </value>
            </param>
          </params>
          <reporter-output>
          </reporter-output>
        </test-method> <!-- test1 -->
        <test-method status="PASS" signature="tearDown()[pri:0, instance:com.tests.AmazonTest@4667ae56]" name="tearDown" is-config="true" duration-ms="5173" started-at="2020-04-23T10:21:04Z" finished-at="2020-04-23T10:21:09Z">
          <reporter-output>
          </reporter-output>
        </test-method> <!-- tearDown -->
      </class> <!-- com.tests.AmazonTest -->
    </test> <!-- Default test -->
  </suite> <!-- Default suite -->
</testng-results>
